Ошибка PDO: SQLSTATE[HY000] [1049] Unknown database 'mrvc'
Место происшествия: components\Logger::databaseLog

Ошибка PDO: SQLSTATE[HY000] [1049] Unknown database 'mrvc'
Место происшествия: components\Logger::databaseLog

Ошибка PDO: SQLSTATE[HY000] [1049] Unknown database 'mrvc'
Место происшествия: components\Logger::databaseLog

Ошибка PDO: SQLSTATE[HY000] [1049] Unknown database 'mvdc'

Ошибка PDO: SQLSTATE[HY000] [1049] Unknown database 'mvdc'

Ошибка PDO: SQLSTATE[HY000] [1049] Unknown database 'mvdc'

Ошибка PDO: SQLSTATE[HY000] [1049] Unknown database 'mvdc'

Ошибка PDO: SQLSTATE[HY000] [1049] Unknown database 'mvdc'

Ошибка PDO: SQLSTATE[HY000] [1049] Unknown database 'mvdc'

Ошибка PDO: SQLSTATE[HY000] [1049] Unknown database 'mvdc'

Ошибка PDO: SQLSTATE[HY000] [1049] Unknown database 'mvdc'

Ошибка PDO: SQLSTATE[HY000] [1049] Unknown database 'mvdc'

Ошибка PDO: SQLSTATE[42000]: Syntax error or access violation: 1064 You have an error in your SQL syntax; check the manual that corresponds to your MySQL server version for the right syntax to use near ' ca.last_time, ci.ip FROM cs_authorization_attempt AS ca JOIN cs_ip AS ci ON (ca' at line 1

Ошибка PDO: SQLSTATE[42000]: Syntax error or access violation: 1064 You have an error in your SQL syntax; check the manual that corresponds to your MySQL server version for the right syntax to use near ' ca.last_time, ci.ip FROM cs_authorization_attempt AS ca JOIN cs_ip AS ci ON (ca' at line 1

Ошибка PDO: SQLSTATE[42000]: Syntax error or access violation: 1064 You have an error in your SQL syntax; check the manual that corresponds to your MySQL server version for the right syntax to use near ' ca.last_time, ci.ip FROM cs_authorization_attempt AS ca JOIN cs_ip AS ci ON (ca' at line 1

Ошибка PDO: SQLSTATE[42S02]: Base table or view not found: 1146 Table 'caelestis.user_ip' doesn't exist

Ошибка PDO: SQLSTATE[42S02]: Base table or view not found: 1146 Table 'caelestis.user_ip' doesn't exist

Ошибка PDO: SQLSTATE[42S02]: Base table or view not found: 1146 Table 'caelestis.user_ip' doesn't exist

Ошибка PDO: SQLSTATE[42S02]: Base table or view not found: 1146 Table 'caelestis.user_ip' doesn't exist

Ошибка PDO: SQLSTATE[42S02]: Base table or view not found: 1146 Table 'caelestis.user_ip' doesn't exist

Ошибка PDO: SQLSTATE[42S02]: Base table or view not found: 1146 Table 'caelestis.user_ip' doesn't exist

Ошибка PDO: SQLSTATE[42S02]: Base table or view not found: 1146 Table 'caelestis.user_ip' doesn't exist

Ошибка PDO: SQLSTATE[42S22]: Column not found: 1054 Unknown column 'updated_at' in 'field list' (SQL: insert into `cs_user` (`updated_at`, `created_at`) values (2020-05-16 13:33:33, 2020-05-16 13:33:33))

Ошибка PDO: SQLSTATE[42S22]: Column not found: 1054 Unknown column 'updated_at' in 'field list' (SQL: insert into `cs_user` (`updated_at`, `created_at`) values (2020-05-16 13:33:57, 2020-05-16 13:33:57))

Ошибка PDO: SQLSTATE[42S22]: Column not found: 1054 Unknown column 'updated_at' in 'field list' (SQL: insert into `cs_user` (`username`, `email`, `password`, `updated_at`, `created_at`) values (FFF, sadsdsad, sdasd, 2020-05-16 13:35:30, 2020-05-16 13:35:30))

Ошибка PDO: SQLSTATE[42S22]: Column not found: 1054 Unknown column 'updated_at' in 'field list' (SQL: insert into `cs_user` (`username`, `email`, `password`, `updated_at`, `created_at`) values (FFF, sadsdsad, sdasd, 2020-05-16 13:35:40, 2020-05-16 13:35:40))

Ошибка PDO: SQLSTATE[42S22]: Column not found: 1054 Unknown column 'updated_at' in 'field list' (SQL: insert into `cs_user` (`username`, `email`, `password`, `updated_at`, `created_at`) values (FFF, sadsdsad, sdasd, 2020-05-16 13:36:03, 2020-05-16 13:36:03))

Ошибка PDO: SQLSTATE[23000]: Integrity constraint violation: 1062 Duplicate entry 'FFF' for key 'username' (SQL: insert into `cs_user` (`username`, `email`, `password`) values (FFF, sadsdsad, sdasd))

Ошибка PDO: SQLSTATE[23000]: Integrity constraint violation: 1062 Duplicate entry 'aaaaaFFFFFFF' for key 'username' (SQL: insert into `cs_user` (`username`, `email`, `password`, `cs_group_id`) values (aaaaaFFFFFFF, aaasadsdsadGGGG, sdasd, 5))

Ошибка PDO: SQLSTATE[HY000] [1045] Access denied for user 'sroot'@'localhost' (using password: NO) (SQL: select count(*) as aggregate from `cs_user` where `username` = Ptic)

Ошибка PDO: SQLSTATE[HY000] [1045] Access denied for user 'sroot'@'localhost' (using password: NO) (SQL: select count(*) as aggregate from `cs_user` where `username` = Ptic)

Ошибка PDO: SQLSTATE[HY000] [1045] Access denied for user 'sroot'@'localhost' (using password: NO) (SQL: select count(*) as aggregate from `cs_user` where `username` = Ptic)

Ошибка PDO: SQLSTATE[HY000] [1045] Access denied for user 'sroot'@'localhost' (using password: NO) (SQL: select count(*) as aggregate from `cs_user` where `username` = Ptic)

Ошибка PDO: SQLSTATE[42S02]: Base table or view not found: 1146 Table 'caelestis.xfs_user' doesn't exist (SQL: update `xfs_user` set `user_state` = valid)

Ошибка PDO: SQLSTATE[42S02]: Base table or view not found: 1146 Table 'caelestis.xfs_user' doesn't exist (SQL: update `xfs_user` set `user_state` = valid)

Ошибка PDO: SQLSTATE[42S02]: Base table or view not found: 1146 Table 'caelestis.xfs_user' doesn't exist (SQL: update `xfs_user` set `user_state` = valid)

Ошибка PDO: SQLSTATE[42S22]: Column not found: 1054 Unknown column 'usera_state' in 'field list' (SQL: update `xf_user` set `usera_state` = valid)

Ошибка PDO: SQLSTATE[HY000] [1045] Access denied for user 'root'@'localhost' (using password: YES)

Ошибка PDO: SQLSTATE[HY000] [1045] Access denied for user 'root'@'localhost' (using password: YES)

Ошибка PDO: SQLSTATE[HY000] [1045] Access denied for user 'root'@'localhost' (using password: YES)

Ошибка PDO: SQLSTATE[HY000] [1045] Access denied for user 'root'@'localhost' (using password: YES)

Ошибка PDO: SQLSTATE[HY000] [1045] Access denied for user 'root'@'localhost' (using password: YES)

Ошибка PDO: SQLSTATE[HY000] [1045] Access denied for user 'root'@'localhost' (using password: YES)

Ошибка PDO: SQLSTATE[HY000] [1045] Access denied for user 'root'@'localhost' (using password: YES)

Ошибка PDO: SQLSTATE[HY000] [1045] Access denied for user 'root'@'localhost' (using password: YES)

Ошибка PDO: SQLSTATE[HY000] [1045] Access denied for user 'root'@'localhost' (using password: YES)

Ошибка PDO: SQLSTATE[HY000] [1045] Access denied for user 'root'@'localhost' (using password: YES) (SQL: select * from `cs_user` where `activation_code` = b012cf41c71e670c00fb495402c09b48cb69ba9133af7f4e48e2e9d7a077ccff limit 1)

Ошибка PDO: SQLSTATE[HY000] [1045] Access denied for user 'root'@'localhost' (using password: YES) (SQL: select * from `cs_user` where `activation_code` = b012cf41c71e670c00fb495402c09b48cb69ba9133af7f4e48e2e9d7a077ccff limit 1)

Ошибка PDO: SQLSTATE[HY000] [1045] Access denied for user 'root'@'localhost' (using password: YES) (SQL: select * from `cs_user` where `activation_code` = b012cf41c71e670c00fb495402c09b48cb69ba9133af7f4e48e2e9d7a077ccff limit 1)

Ошибка PDO: SQLSTATE[HY000] [1045] Access denied for user 'root'@'localhost' (using password: YES) (SQL: select * from `cs_user` where `activation_code` = d4f4f9bad2ae73f8b8dad2113b41acf925e487c54557fe5ddbf6630e463bbff0 limit 1)

Ошибка PDO: SQLSTATE[HY000] [1045] Access denied for user 'root'@'localhost' (using password: YES) (SQL: select * from `cs_user` where `activation_code` = d4f4f9bad2ae73f8b8dad2113b41acf925e487c54557fe5ddbf6630e463bbff0 limit 1)

