Class 'controllers\layouts\general\vieController' not found

Class 'controllers\layouts\general\vieController' not found

Class 'controllers\layouts\general\vieController' not found

Class 'controllers\layouts\general\vieController' not found

Class 'controllers\layouts\general\vieController' not found

Class 'controllers\layouts\general\vieController' not found

syntax error, unexpected 'print_r' (T_STRING)

syntax error, unexpected 'print_r' (T_STRING)

syntax error, unexpected 'print_r' (T_STRING)

syntax error, unexpected 'print_r' (T_STRING)

syntax error, unexpected 'print_r' (T_STRING)

syntax error, unexpected 'var_dump' (T_STRING)

syntax error, unexpected 'var_dump' (T_STRING)

syntax error, unexpected 'var_dump' (T_STRING)

syntax error, unexpected 'echo' (T_ECHO)

syntax error, unexpected 'echo' (T_ECHO)

syntax error, unexpected 'echo' (T_ECHO)

syntax error, unexpected 'echo' (T_ECHO)

syntax error, unexpected 'echo' (T_ECHO)

syntax error, unexpected 'echo' (T_ECHO)

syntax error, unexpected 'echo' (T_ECHO)

syntax error, unexpected 'echo' (T_ECHO)

syntax error, unexpected 'echo' (T_ECHO)

syntax error, unexpected 'echo' (T_ECHO)

syntax error, unexpected 'echo' (T_ECHO)

syntax error, unexpected 'echo' (T_ECHO)

syntax error, unexpected 'echo' (T_ECHO)

syntax error, unexpected 'echo' (T_ECHO)

syntax error, unexpected 'echo' (T_ECHO)

syntax error, unexpected 'echo' (T_ECHO)

syntax error, unexpected 'echo' (T_ECHO)

syntax error, unexpected 'echo' (T_ECHO)

syntax error, unexpected 'echo' (T_ECHO)

syntax error, unexpected 'echo' (T_ECHO)

syntax error, unexpected 'echo' (T_ECHO)

syntax error, unexpected 'echo' (T_ECHO)

syntax error, unexpected 'echo' (T_ECHO)

syntax error, unexpected 'echo' (T_ECHO)

syntax error, unexpected 'echo' (T_ECHO)

syntax error, unexpected 'echo' (T_ECHO)

syntax error, unexpected 'echo' (T_ECHO)

syntax error, unexpected 'echo' (T_ECHO)

syntax error, unexpected 'echo' (T_ECHO)

syntax error, unexpected 'echo' (T_ECHO)

syntax error, unexpected 'echo' (T_ECHO)

syntax error, unexpected 'echo' (T_ECHO)

syntax error, unexpected 'echo' (T_ECHO)

syntax error, unexpected 'echo' (T_ECHO)

syntax error, unexpected 'echo' (T_ECHO)

syntax error, unexpected 'echo' (T_ECHO)

syntax error, unexpected 'echo' (T_ECHO)

syntax error, unexpected 'echo' (T_ECHO)

syntax error, unexpected 'echo' (T_ECHO)

syntax error, unexpected 'echo' (T_ECHO)

syntax error, unexpected 'echo' (T_ECHO)

syntax error, unexpected 'echo' (T_ECHO)

syntax error, unexpected 'echo' (T_ECHO)

syntax error, unexpected 'echo' (T_ECHO)

syntax error, unexpected 'echo' (T_ECHO)

syntax error, unexpected 'echo' (T_ECHO)

Call to undefined method components\phrasers\validators\Email::getPrase()

Call to undefined method components\phrasers\validators\Email::getPrase()

Cannot pass parameter 4 by reference

Cannot pass parameter 4 by reference

Cannot pass parameter 4 by reference

Cannot pass parameter 4 by reference

syntax error, unexpected '=', expecting ']'

syntax error, unexpected '=', expecting ']'

syntax error, unexpected '=', expecting ']'

syntax error, unexpected '=', expecting ']'

Call to undefined function components\phrasers\validators\strreplace()

Call to undefined function components\phrasers\validators\strreplace()

Call to undefined function components\phrasers\validators\strreplace()

syntax error, unexpected ''incorrect_structure'' (T_CONSTANT_ENCAPSED_STRING), expecting ']'

syntax error, unexpected ''incorrect_structure'' (T_CONSTANT_ENCAPSED_STRING), expecting ']'

Client error: `POST caelestis/forum/api/users` resulted in a `401 Unauthorized` response:
{
    "errors": [
        {
            "code": "api_key_not_found",
            "message": "API key provided in request (truncated...)


Возникла ошибка при регистрации аккаунта fsdffertnam с адресом sdffertnamchannel@gmail.com на форуме. Пожалуйста, обратитесь к администратрации проекта

Возникла ошибка при регистрации аккаунта fsdffertnam с адресом sdffertnamchannel@gmail.com на форуме. Пожалуйста, обратитесь к администратрации проекта

