Ошибка PDO: SQLSTATE[HY000] [1049] Unknown database 'mrvc'
Место происшествия: components\Logger::databaseLog

Ошибка PDO: SQLSTATE[HY000] [1049] Unknown database 'mrvc'
Место происшествия: components\Logger::databaseLog

Ошибка PDO: SQLSTATE[HY000] [1049] Unknown database 'mrvc'
Место происшествия: components\Logger::databaseLog

Ошибка PDO: SQLSTATE[HY000] [1049] Unknown database 'mvdc'

Ошибка PDO: SQLSTATE[HY000] [1049] Unknown database 'mvdc'

Ошибка PDO: SQLSTATE[HY000] [1049] Unknown database 'mvdc'

Ошибка PDO: SQLSTATE[HY000] [1049] Unknown database 'mvdc'

Ошибка PDO: SQLSTATE[HY000] [1049] Unknown database 'mvdc'

Ошибка PDO: SQLSTATE[HY000] [1049] Unknown database 'mvdc'

Ошибка PDO: SQLSTATE[HY000] [1049] Unknown database 'mvdc'

Ошибка PDO: SQLSTATE[HY000] [1049] Unknown database 'mvdc'

Ошибка PDO: SQLSTATE[HY000] [1049] Unknown database 'mvdc'

Ошибка PDO: SQLSTATE[42000]: Syntax error or access violation: 1064 You have an error in your SQL syntax; check the manual that corresponds to your MySQL server version for the right syntax to use near ' ca.last_time, ci.ip FROM cs_authorization_attempt AS ca JOIN cs_ip AS ci ON (ca' at line 1

Ошибка PDO: SQLSTATE[42000]: Syntax error or access violation: 1064 You have an error in your SQL syntax; check the manual that corresponds to your MySQL server version for the right syntax to use near ' ca.last_time, ci.ip FROM cs_authorization_attempt AS ca JOIN cs_ip AS ci ON (ca' at line 1

Ошибка PDO: SQLSTATE[42000]: Syntax error or access violation: 1064 You have an error in your SQL syntax; check the manual that corresponds to your MySQL server version for the right syntax to use near ' ca.last_time, ci.ip FROM cs_authorization_attempt AS ca JOIN cs_ip AS ci ON (ca' at line 1

Ошибка PDO: SQLSTATE[42S02]: Base table or view not found: 1146 Table 'caelestis.user_ip' doesn't exist

Ошибка PDO: SQLSTATE[42S02]: Base table or view not found: 1146 Table 'caelestis.user_ip' doesn't exist

Ошибка PDO: SQLSTATE[42S02]: Base table or view not found: 1146 Table 'caelestis.user_ip' doesn't exist

Ошибка PDO: SQLSTATE[42S02]: Base table or view not found: 1146 Table 'caelestis.user_ip' doesn't exist

Ошибка PDO: SQLSTATE[42S02]: Base table or view not found: 1146 Table 'caelestis.user_ip' doesn't exist

Ошибка PDO: SQLSTATE[42S02]: Base table or view not found: 1146 Table 'caelestis.user_ip' doesn't exist

Ошибка PDO: SQLSTATE[42S02]: Base table or view not found: 1146 Table 'caelestis.user_ip' doesn't exist

