Class 'controllers\layouts\general\vieController' not found

Class 'controllers\layouts\general\vieController' not found

Class 'controllers\layouts\general\vieController' not found

Class 'controllers\layouts\general\vieController' not found

Class 'controllers\layouts\general\vieController' not found

Class 'controllers\layouts\general\vieController' not found

syntax error, unexpected 'print_r' (T_STRING)

syntax error, unexpected 'print_r' (T_STRING)

syntax error, unexpected 'print_r' (T_STRING)

syntax error, unexpected 'print_r' (T_STRING)

syntax error, unexpected 'print_r' (T_STRING)

syntax error, unexpected 'var_dump' (T_STRING)

syntax error, unexpected 'var_dump' (T_STRING)

syntax error, unexpected 'var_dump' (T_STRING)

syntax error, unexpected 'echo' (T_ECHO)

syntax error, unexpected 'echo' (T_ECHO)

syntax error, unexpected 'echo' (T_ECHO)

syntax error, unexpected 'echo' (T_ECHO)

syntax error, unexpected 'echo' (T_ECHO)

syntax error, unexpected 'echo' (T_ECHO)

syntax error, unexpected 'echo' (T_ECHO)

syntax error, unexpected 'echo' (T_ECHO)

syntax error, unexpected 'echo' (T_ECHO)

syntax error, unexpected 'echo' (T_ECHO)

syntax error, unexpected 'echo' (T_ECHO)

syntax error, unexpected 'echo' (T_ECHO)

syntax error, unexpected 'echo' (T_ECHO)

syntax error, unexpected 'echo' (T_ECHO)

syntax error, unexpected 'echo' (T_ECHO)

syntax error, unexpected 'echo' (T_ECHO)

syntax error, unexpected 'echo' (T_ECHO)

syntax error, unexpected 'echo' (T_ECHO)

syntax error, unexpected 'echo' (T_ECHO)

syntax error, unexpected 'echo' (T_ECHO)

syntax error, unexpected 'echo' (T_ECHO)

syntax error, unexpected 'echo' (T_ECHO)

syntax error, unexpected 'echo' (T_ECHO)

syntax error, unexpected 'echo' (T_ECHO)

syntax error, unexpected 'echo' (T_ECHO)

syntax error, unexpected 'echo' (T_ECHO)

syntax error, unexpected 'echo' (T_ECHO)

syntax error, unexpected 'echo' (T_ECHO)

syntax error, unexpected 'echo' (T_ECHO)

syntax error, unexpected 'echo' (T_ECHO)

syntax error, unexpected 'echo' (T_ECHO)

syntax error, unexpected 'echo' (T_ECHO)

syntax error, unexpected 'echo' (T_ECHO)

syntax error, unexpected 'echo' (T_ECHO)

syntax error, unexpected 'echo' (T_ECHO)

syntax error, unexpected 'echo' (T_ECHO)

syntax error, unexpected 'echo' (T_ECHO)

syntax error, unexpected 'echo' (T_ECHO)

syntax error, unexpected 'echo' (T_ECHO)

syntax error, unexpected 'echo' (T_ECHO)

syntax error, unexpected 'echo' (T_ECHO)

syntax error, unexpected 'echo' (T_ECHO)

syntax error, unexpected 'echo' (T_ECHO)

syntax error, unexpected 'echo' (T_ECHO)

syntax error, unexpected 'echo' (T_ECHO)

syntax error, unexpected 'echo' (T_ECHO)

Call to undefined method components\phrasers\validators\Email::getPrase()

Call to undefined method components\phrasers\validators\Email::getPrase()

Cannot pass parameter 4 by reference

Cannot pass parameter 4 by reference

Cannot pass parameter 4 by reference

Cannot pass parameter 4 by reference

syntax error, unexpected '=', expecting ']'

syntax error, unexpected '=', expecting ']'

syntax error, unexpected '=', expecting ']'

syntax error, unexpected '=', expecting ']'

Call to undefined function components\phrasers\validators\strreplace()

Call to undefined function components\phrasers\validators\strreplace()

Call to undefined function components\phrasers\validators\strreplace()

syntax error, unexpected ''incorrect_structure'' (T_CONSTANT_ENCAPSED_STRING), expecting ']'

syntax error, unexpected ''incorrect_structure'' (T_CONSTANT_ENCAPSED_STRING), expecting ']'

